\BOOKMARK [0][-]{section*.2}{Majorization Fragments in Resource Theories of Magic}{}% 2
\BOOKMARK [1][-]{section*.1}{Abstract}{section*.2}% 1
\BOOKMARK [1][-]{section*.3}{Introduction}{section*.2}% 3
\BOOKMARK [1][-]{section*.4}{Magic Resource Theories}{section*.2}% 4
\BOOKMARK [2][-]{section*.5}{Introduction}{section*.4}% 5
\BOOKMARK [2][-]{section*.6}{Previous work}{section*.4}% 6
\BOOKMARK [1][-]{section*.7}{Phase Space formalism}{section*.2}% 7
\BOOKMARK [2][-]{section*.8}{Stabilizer Theory}{section*.7}% 8
\BOOKMARK [2][-]{section*.9}{Wigner Distribution}{section*.7}% 9
\BOOKMARK [1][-]{section*.10}{Stochastic structure of magic theories}{section*.2}% 10
\BOOKMARK [2][-]{section*.11}{Fragments}{section*.10}% 11
\BOOKMARK [2][-]{section*.12}{Majorization}{section*.10}% 12
\BOOKMARK [2][-]{section*.13}{Magic fragments}{section*.10}% 13
\BOOKMARK [1][-]{section*.14}{Distillation bounds}{section*.2}% 14
\BOOKMARK [1][-]{section*.15}{Conclusion}{section*.2}% 15
\BOOKMARK [1][-]{section*.16}{References}{section*.2}% 16
\BOOKMARK [1][-]{section*.17}{Properties of the Wigner distribution}{section*.2}% 17
\BOOKMARK [1][-]{section*.18}{Properties of majorization}{section*.2}% 18
\BOOKMARK [2][-]{section*.19}{Equivalent conditions for majorization}{section*.18}% 19
\BOOKMARK [2][-]{section*.20}{Mana properties}{section*.18}% 20
